0 info it worked if it ends with ok
1 verbose cli [ 'node', '/usr/bin/npm', 'run', 'phpmd' ]
2 info using npm@3.10.5
3 info using node@v0.10.42
4 verbose stack Error: Failed to parse json
4 verbose stack Unexpected token '#' at 9:5
4 verbose stack     #npm run prod
4 verbose stack     ^
4 verbose stack     at parseError (/usr/lib/node_modules/npm/node_modules/read-package-json/read-json.js:390:11)
4 verbose stack     at parseJson (/usr/lib/node_modules/npm/node_modules/read-package-json/read-json.js:79:23)
4 verbose stack     at /usr/lib/node_modules/npm/node_modules/read-package-json/read-json.js:48:5
4 verbose stack     at /usr/lib/node_modules/npm/node_modules/graceful-fs/graceful-fs.js:78:16
4 verbose stack     at fs.js:272:14
4 verbose stack     at /usr/lib/node_modules/npm/node_modules/graceful-fs/graceful-fs.js:43:10
4 verbose stack     at Object.oncomplete (fs.js:108:15)
5 verbose cwd /var/www/langtal.com
6 error Linux 3.10.0-327.22.2.el7.x86_64
7 error argv "node" "/usr/bin/npm" "run" "phpmd"
8 error node v0.10.42
9 error npm  v3.10.5
10 error file /var/www/langtal.com/package.json
11 error code EJSONPARSE
12 error Failed to parse json
12 error Unexpected token '#' at 9:5
12 error     #npm run prod
12 error     ^
13 error File: /var/www/langtal.com/package.json
14 error Failed to parse package.json data.
14 error package.json must be actual JSON, not just JavaScript.
14 error
14 error This is not a bug in npm.
14 error Tell the package author to fix their package.json file. JSON.parse
15 verbose exit [ 1, true ]
